[Thu Mar 28 02:36:07 2013] [info] Listening at "http://*:3000".
[Thu Mar 28 02:36:09 2013] [debug] GET /test (Mozilla/5.0 (X11; Ubuntu; Linux i686; rv:19.0) Gecko/20100101 Firefox/19.0).
[Thu Mar 28 02:36:09 2013] [debug] Routing to controller "WISE::Toolkit" and action "test".
[Thu Mar 28 02:36:09 2013] [debug] Template "toolkit/test.html.ep" not found.
[Thu Mar 28 02:36:09 2013] [debug] Nothing has been rendered, expecting delayed response.
[Thu Mar 28 02:36:24 2013] [debug] Inactivity timeout.
[Thu Mar 28 02:36:24 2013] [debug] GET /test (Mozilla/5.0 (X11; Ubuntu; Linux i686; rv:19.0) Gecko/20100101 Firefox/19.0).
[Thu Mar 28 02:36:24 2013] [debug] Routing to controller "WISE::Toolkit" and action "test".
[Thu Mar 28 02:36:24 2013] [debug] Template "toolkit/test.html.ep" not found.
[Thu Mar 28 02:36:24 2013] [debug] Nothing has been rendered, expecting delayed response.
[Thu Mar 28 02:49:20 2013] [info] Listening at "http://*:3000".
[Thu Mar 28 02:49:23 2013] [debug] GET /test (Mozilla/5.0 (X11; Ubuntu; Linux i686; rv:19.0) Gecko/20100101 Firefox/19.0).
[Thu Mar 28 02:49:23 2013] [debug] Routing to controller "WISE::Toolkit" and action "test".
[Thu Mar 28 02:49:23 2013] [debug] Template "toolkit/test.html.ep" not found.
[Thu Mar 28 02:49:23 2013] [debug] Nothing has been rendered, expecting delayed response.
[Thu Mar 28 02:52:06 2013] [info] Listening at "http://*:3000".
[Thu Mar 28 02:52:08 2013] [debug] GET /test (Mozilla/5.0 (X11; Ubuntu; Linux i686; rv:19.0) Gecko/20100101 Firefox/19.0).
[Thu Mar 28 02:52:08 2013] [debug] Routing to controller "WISE::Toolkit" and action "test".
[Thu Mar 28 02:52:08 2013] [debug] Template "toolkit/test.html.ep" not found.
[Thu Mar 28 02:52:08 2013] [debug] Nothing has been rendered, expecting delayed response.
[Thu Mar 28 02:52:09 2013] [debug] GET /test (Mozilla/5.0 (X11; Ubuntu; Linux i686; rv:19.0) Gecko/20100101 Firefox/19.0).
[Thu Mar 28 02:52:09 2013] [debug] Routing to controller "WISE::Toolkit" and action "test".
[Thu Mar 28 02:52:09 2013] [debug] Template "toolkit/test.html.ep" not found.
[Thu Mar 28 02:52:09 2013] [debug] Nothing has been rendered, expecting delayed response.
[Thu Mar 28 02:52:44 2013] [info] Listening at "http://*:3000".
[Thu Mar 28 02:52:51 2013] [debug] GET /test (Mozilla/5.0 (X11; Ubuntu; Linux i686; rv:19.0) Gecko/20100101 Firefox/19.0).
[Thu Mar 28 02:52:51 2013] [debug] Routing to controller "WISE::Toolkit" and action "test".
[Thu Mar 28 02:52:51 2013] [debug] Template "toolkit/test.html.ep" not found.
[Thu Mar 28 02:52:51 2013] [debug] Nothing has been rendered, expecting delayed response.
[Thu Mar 28 02:54:01 2013] [info] Listening at "http://*:3000".
[Thu Mar 28 02:54:05 2013] [debug] GET /test (Mozilla/5.0 (X11; Ubuntu; Linux i686; rv:19.0) Gecko/20100101 Firefox/19.0).
[Thu Mar 28 02:54:05 2013] [error] syntax error at /home/zad/projects/wise/wise-git/WISE/mojo/script/../lib/WISE/Toolkit.pm line 20, near ""</ul>")"
Compilation failed in require at (eval 236) line 1.

[Thu Mar 28 02:54:05 2013] [debug] Template "exception.development.html.ep" not found.
[Thu Mar 28 02:54:05 2013] [debug] Template "exception.html.ep" not found.
[Thu Mar 28 02:54:05 2013] [debug] Rendering inline template.
[Thu Mar 28 02:54:06 2013] [debug] Rendering inline template.
[Thu Mar 28 02:54:06 2013] [debug] 500 Internal Server Error (0.042756s, 23.389/s).
[Thu Mar 28 02:54:28 2013] [info] Listening at "http://*:3000".
[Thu Mar 28 02:54:30 2013] [debug] GET /test (Mozilla/5.0 (X11; Ubuntu; Linux i686; rv:19.0) Gecko/20100101 Firefox/19.0).
[Thu Mar 28 02:54:30 2013] [debug] Routing to controller "WISE::Toolkit" and action "test".
[Thu Mar 28 02:54:30 2013] [debug] Template "toolkit/test.html.ep" not found.
[Thu Mar 28 02:54:30 2013] [debug] Nothing has been rendered, expecting delayed response.
[Thu Mar 28 03:00:48 2013] [info] Listening at "http://*:3000".
[Thu Mar 28 03:00:51 2013] [debug] GET /test (Mozilla/5.0 (X11; Ubuntu; Linux i686; rv:19.0) Gecko/20100101 Firefox/19.0).
[Thu Mar 28 03:00:51 2013] [error] Unmatched right curly bracket at /home/zad/projects/wise/wise-git/WISE/mojo/script/../lib/WISE/Toolkit.pm line 23, at end of line
syntax error at /home/zad/projects/wise/wise-git/WISE/mojo/script/../lib/WISE/Toolkit.pm line 23, near "}}"
syntax error at /home/zad/projects/wise/wise-git/WISE/mojo/script/../lib/WISE/Toolkit.pm line 31, near "}"
syntax error at /home/zad/projects/wise/wise-git/WISE/mojo/script/../lib/WISE/Toolkit.pm line 38, near "}"
syntax error at /home/zad/projects/wise/wise-git/WISE/mojo/script/../lib/WISE/Toolkit.pm line 44, near "}"
Compilation failed in require at (eval 236) line 1.

[Thu Mar 28 03:00:51 2013] [debug] Template "exception.development.html.ep" not found.
[Thu Mar 28 03:00:51 2013] [debug] Template "exception.html.ep" not found.
[Thu Mar 28 03:00:51 2013] [debug] Rendering inline template.
[Thu Mar 28 03:00:51 2013] [debug] Rendering inline template.
[Thu Mar 28 03:00:51 2013] [debug] 500 Internal Server Error (0.045956s, 21.760/s).
[Thu Mar 28 03:01:18 2013] [info] Listening at "http://*:3000".
[Thu Mar 28 03:01:21 2013] [debug] GET /test (Mozilla/5.0 (X11; Ubuntu; Linux i686; rv:19.0) Gecko/20100101 Firefox/19.0).
[Thu Mar 28 03:01:21 2013] [debug] Routing to controller "WISE::Toolkit" and action "test".
[Thu Mar 28 03:01:21 2013] [debug] Template "toolkit/test.html.ep" not found.
[Thu Mar 28 03:01:21 2013] [debug] Nothing has been rendered, expecting delayed response.
[Thu Mar 28 03:25:13 2013] [info] Listening at "http://*:3000".
[Thu Mar 28 03:25:16 2013] [debug] GET / (Mozilla/5.0 (X11; Ubuntu; Linux i686; rv:19.0) Gecko/20100101 Firefox/19.0).
[Thu Mar 28 03:25:16 2013] [debug] Controller "WISE::Static" does not exist.
[Thu Mar 28 03:25:16 2013] [debug] Rendering template "static/home.html.ep".
[Thu Mar 28 03:25:16 2013] [debug] Rendering template "partials/home_head.html.ep".
[Thu Mar 28 03:25:16 2013] [debug] Rendering template "layouts/default.html.ep".
[Thu Mar 28 03:25:16 2013] [debug] 200 OK (0.012390s, 80.710/s).
[Thu Mar 28 03:25:18 2013] [debug] GET /findings (Mozilla/5.0 (X11; Ubuntu; Linux i686; rv:19.0) Gecko/20100101 Firefox/19.0).
[Thu Mar 28 03:25:18 2013] [debug] Controller "WISE::Static" does not exist.
[Thu Mar 28 03:25:18 2013] [debug] Rendering template "static/findings.html.ep".
[Thu Mar 28 03:25:18 2013] [debug] Rendering template "partials/activities_head.html.ep".
[Thu Mar 28 03:25:18 2013] [debug] Rendering cached template layouts/default.html.ep.
[Thu Mar 28 03:25:18 2013] [debug] 200 OK (0.006419s, 155.788/s).
[Thu Mar 28 03:36:45 2013] [info] Listening at "http://*:3000".
[Thu Mar 28 03:36:49 2013] [debug] GET /findings (Mozilla/5.0 (X11; Ubuntu; Linux i686; rv:19.0) Gecko/20100101 Firefox/19.0).
[Thu Mar 28 03:36:49 2013] [debug] Controller "WISE::Static" does not exist.
[Thu Mar 28 03:36:49 2013] [debug] Rendering template "static/findings.html.ep".
[Thu Mar 28 03:36:49 2013] [error] Global symbol "$tab" requires explicit package name at template static/findings.html.ep line 30.
25:               <td>foo</td>
26:               <td>bar</td>
27:               <td>baz</td>
28:             </tr>
29: 
30: % say for @$tab;
31:           </tbody>
32: 
33:         </table>
34: 
35:       </div>

[Thu Mar 28 03:36:49 2013] [debug] Template "exception.development.html.ep" not found.
[Thu Mar 28 03:36:49 2013] [debug] Template "exception.html.ep" not found.
[Thu Mar 28 03:36:49 2013] [debug] Rendering inline template.
[Thu Mar 28 03:36:49 2013] [debug] Rendering inline template.
[Thu Mar 28 03:36:49 2013] [debug] 500 Internal Server Error (0.026850s, 37.244/s).
[Thu Mar 28 03:37:58 2013] [info] Listening at "http://*:3000".
[Thu Mar 28 03:38:01 2013] [debug] GET /findings (Mozilla/5.0 (X11; Ubuntu; Linux i686; rv:19.0) Gecko/20100101 Firefox/19.0).
[Thu Mar 28 03:38:01 2013] [debug] Controller "WISE::Static" does not exist.
[Thu Mar 28 03:38:01 2013] [debug] Rendering template "static/findings.html.ep".
[Thu Mar 28 03:38:01 2013] [error] Global symbol "$tab" requires explicit package name at template static/findings.html.ep line 30.
25:               <td>foo</td>
26:               <td>bar</td>
27:               <td>baz</td>
28:             </tr>
29: 
30: % say for @$tab;
31:           </tbody>
32: 
33:         </table>
34: 
35:       </div>

[Thu Mar 28 03:38:01 2013] [debug] Template "exception.development.html.ep" not found.
[Thu Mar 28 03:38:01 2013] [debug] Template "exception.html.ep" not found.
[Thu Mar 28 03:38:01 2013] [debug] Rendering inline template.
[Thu Mar 28 03:38:01 2013] [debug] Rendering inline template.
[Thu Mar 28 03:38:01 2013] [debug] 500 Internal Server Error (0.027643s, 36.176/s).
[Thu Mar 28 03:42:01 2013] [info] Listening at "http://*:3000".
[Thu Mar 28 03:42:05 2013] [debug] GET /findings (Mozilla/5.0 (X11; Ubuntu; Linux i686; rv:19.0) Gecko/20100101 Firefox/19.0).
[Thu Mar 28 03:42:05 2013] [debug] Routing to controller "WISE::Static" and action "findings".
[Thu Mar 28 03:42:05 2013] [debug] Rendering template "static/findings.html.ep".
[Thu Mar 28 03:42:05 2013] [debug] Rendering template "partials/activities_head.html.ep".
[Thu Mar 28 03:42:05 2013] [debug] Rendering template "layouts/default.html.ep".
[Thu Mar 28 03:42:05 2013] [debug] 200 OK (0.036087s, 27.711/s).
[Thu Mar 28 03:43:11 2013] [info] Listening at "http://*:3000".
[Thu Mar 28 03:43:21 2013] [debug] GET /findings (Mozilla/5.0 (X11; Ubuntu; Linux i686; rv:19.0) Gecko/20100101 Firefox/19.0).
[Thu Mar 28 03:43:21 2013] [debug] Routing to controller "WISE::Static" and action "findings".
[Thu Mar 28 03:43:21 2013] [debug] Rendering template "static/findings.html.ep".
[Thu Mar 28 03:43:21 2013] [debug] Rendering template "partials/activities_head.html.ep".
[Thu Mar 28 03:43:21 2013] [debug] Rendering template "layouts/default.html.ep".
[Thu Mar 28 03:43:21 2013] [debug] 200 OK (0.043579s, 22.947/s).
[Thu Mar 28 03:46:46 2013] [info] Listening at "http://*:3000".
[Thu Mar 28 03:46:49 2013] [debug] GET /findings (Mozilla/5.0 (X11; Ubuntu; Linux i686; rv:19.0) Gecko/20100101 Firefox/19.0).
[Thu Mar 28 03:46:49 2013] [debug] Routing to controller "WISE::Static" and action "findings".
[Thu Mar 28 03:46:49 2013] [debug] Rendering template "static/findings.html.ep".
[Thu Mar 28 03:46:49 2013] [error] syntax error at template static/findings.html.ep line 30, near "$row @"
Global symbol "$row" requires explicit package name at template static/findings.html.ep line 31.
syntax error at template static/findings.html.ep line 33, near "} 
$_M "
syntax error at template static/findings.html.ep line 40, near "} }"
35:         </table>
36: 
37:       </div>
38: 
39: 
40:     </div> <!-- /container -->

[Thu Mar 28 03:46:49 2013] [debug] Template "exception.development.html.ep" not found.
[Thu Mar 28 03:46:49 2013] [debug] Template "exception.html.ep" not found.
[Thu Mar 28 03:46:49 2013] [debug] Rendering inline template.
[Thu Mar 28 03:46:49 2013] [debug] Rendering inline template.
[Thu Mar 28 03:46:49 2013] [debug] 500 Internal Server Error (0.051697s, 19.343/s).
[Thu Mar 28 03:47:10 2013] [info] Listening at "http://*:3000".
[Thu Mar 28 03:47:13 2013] [debug] GET /findings (Mozilla/5.0 (X11; Ubuntu; Linux i686; rv:19.0) Gecko/20100101 Firefox/19.0).
[Thu Mar 28 03:47:13 2013] [debug] Routing to controller "WISE::Static" and action "findings".
[Thu Mar 28 03:47:13 2013] [debug] Rendering template "static/findings.html.ep".
[Thu Mar 28 03:47:13 2013] [debug] Rendering template "partials/activities_head.html.ep".
[Thu Mar 28 03:47:13 2013] [debug] Rendering template "layouts/default.html.ep".
[Thu Mar 28 03:47:13 2013] [debug] 200 OK (0.036959s, 27.057/s).
[Thu Mar 28 03:47:51 2013] [info] Listening at "http://*:3000".
[Thu Mar 28 03:47:54 2013] [debug] GET /findings (Mozilla/5.0 (X11; Ubuntu; Linux i686; rv:19.0) Gecko/20100101 Firefox/19.0).
[Thu Mar 28 03:47:54 2013] [debug] Routing to controller "WISE::Static" and action "findings".
[Thu Mar 28 03:47:54 2013] [debug] Rendering template "static/findings.html.ep".
[Thu Mar 28 03:47:54 2013] [debug] Rendering template "partials/activities_head.html.ep".
[Thu Mar 28 03:47:54 2013] [debug] Rendering template "layouts/default.html.ep".
[Thu Mar 28 03:47:54 2013] [debug] 200 OK (0.038176s, 26.194/s).
[Thu Mar 28 03:52:59 2013] [debug] GET /findings (Mozilla/5.0 (X11; Ubuntu; Linux i686; rv:19.0) Gecko/20100101 Firefox/19.0).
[Thu Mar 28 03:52:59 2013] [debug] Routing to controller "WISE::Static" and action "findings".
[Thu Mar 28 03:52:59 2013] [debug] Rendering cached template static/findings.html.ep.
[Thu Mar 28 03:52:59 2013] [debug] Rendering cached template partials/activities_head.html.ep.
[Thu Mar 28 03:52:59 2013] [debug] Rendering cached template layouts/default.html.ep.
[Thu Mar 28 03:52:59 2013] [debug] 200 OK (0.005834s, 171.409/s).
[Thu Mar 28 14:25:43 2013] [info] Listening at "http://*:3000".
[Thu Mar 28 14:25:49 2013] [debug] GET /findings (Mozilla/5.0 (X11; Ubuntu; Linux i686; rv:19.0) Gecko/20100101 Firefox/19.0).
[Thu Mar 28 14:25:49 2013] [debug] Routing to controller "WISE::Static" and action "findings".
[Thu Mar 28 14:25:49 2013] [debug] Rendering template "static/findings.html.ep".
[Thu Mar 28 14:25:49 2013] [debug] Rendering template "partials/activities_head.html.ep".
[Thu Mar 28 14:25:49 2013] [debug] Rendering template "layouts/default.html.ep".
[Thu Mar 28 14:25:49 2013] [debug] 200 OK (0.038188s, 26.186/s).
[Thu Mar 28 16:08:23 2013] [info] Listening at "http://*:3000".
[Thu Mar 28 16:08:31 2013] [debug] GET / (Mozilla/5.0 (X11; Ubuntu; Linux i686; rv:19.0) Gecko/20100101 Firefox/19.0).
[Thu Mar 28 16:08:31 2013] [debug] Routing to controller "WISE::Static" and action "home".
[Thu Mar 28 16:08:31 2013] [debug] Rendering template "static/home.html.ep".
[Thu Mar 28 16:08:31 2013] [debug] Rendering template "partials/home_head.html.ep".
[Thu Mar 28 16:08:31 2013] [debug] Rendering template "layouts/default.html.ep".
[Thu Mar 28 16:08:31 2013] [debug] 200 OK (0.037270s, 26.831/s).
[Thu Mar 28 16:08:55 2013] [debug] GET /activities (Mozilla/5.0 (X11; Ubuntu; Linux i686; rv:19.0) Gecko/20100101 Firefox/19.0).
[Thu Mar 28 16:08:55 2013] [debug] Routing to controller "WISE::Static" and action "activities".
[Thu Mar 28 16:08:55 2013] [debug] Rendering template "static/activities.html.ep".
[Thu Mar 28 16:08:55 2013] [debug] Rendering template "partials/activities_head.html.ep".
[Thu Mar 28 16:08:55 2013] [debug] Rendering cached template layouts/default.html.ep.
[Thu Mar 28 16:08:55 2013] [debug] 200 OK (0.009117s, 109.685/s).
[Thu Mar 28 16:08:58 2013] [debug] GET /findings (Mozilla/5.0 (X11; Ubuntu; Linux i686; rv:19.0) Gecko/20100101 Firefox/19.0).
[Thu Mar 28 16:08:58 2013] [debug] Routing to controller "WISE::Static" and action "findings".
[Thu Mar 28 16:08:58 2013] [debug] Rendering template "static/findings.html.ep".
[Thu Mar 28 16:08:58 2013] [debug] Rendering template "partials/activities_head.html.ep".
[Thu Mar 28 16:08:58 2013] [debug] Rendering template "layouts/default.html.ep".
[Thu Mar 28 16:08:58 2013] [debug] 200 OK (0.025507s, 39.205/s).
[Thu Mar 28 17:05:42 2013] [info] Listening at "http://*:3000".
[Thu Mar 28 17:05:45 2013] [debug] GET / (Mozilla/5.0 (X11; Ubuntu; Linux i686; rv:19.0) Gecko/20100101 Firefox/19.0).
[Thu Mar 28 17:05:45 2013] [debug] Routing to controller "WISE::Static" and action "home".
[Thu Mar 28 17:05:45 2013] [debug] Rendering template "static/home.html.ep".
[Thu Mar 28 17:05:45 2013] [debug] Rendering template "partials/home_head.html.ep".
[Thu Mar 28 17:05:45 2013] [debug] Rendering template "layouts/default.html.ep".
[Thu Mar 28 17:05:45 2013] [debug] 200 OK (0.362592s, 2.758/s).
[Thu Mar 28 17:05:45 2013] [debug] GET /ico/favicon.png (Mozilla/5.0 (X11; Ubuntu; Linux i686; rv:19.0) Gecko/20100101 Firefox/19.0).
[Thu Mar 28 17:05:45 2013] [debug] Template "not_found.development.html.ep" not found.
[Thu Mar 28 17:05:45 2013] [debug] Template "not_found.html.ep" not found.
[Thu Mar 28 17:05:45 2013] [debug] Rendering inline template.
[Thu Mar 28 17:05:45 2013] [debug] Rendering inline template.
[Thu Mar 28 17:05:45 2013] [debug] 404 Not Found (0.016057s, 62.278/s).
[Thu Mar 28 17:05:51 2013] [debug] GET /activities (Mozilla/5.0 (X11; Ubuntu; Linux i686; rv:19.0) Gecko/20100101 Firefox/19.0).
[Thu Mar 28 17:05:51 2013] [debug] Routing to controller "WISE::Static" and action "activities".
[Thu Mar 28 17:05:51 2013] [debug] Rendering template "static/activities.html.ep".
[Thu Mar 28 17:05:51 2013] [debug] Rendering template "partials/activities_head.html.ep".
[Thu Mar 28 17:05:51 2013] [debug] Rendering cached template layouts/default.html.ep.
[Thu Mar 28 17:05:51 2013] [debug] 200 OK (0.008108s, 123.335/s).
[Thu Mar 28 17:05:55 2013] [debug] GET /findings (Mozilla/5.0 (X11; Ubuntu; Linux i686; rv:19.0) Gecko/20100101 Firefox/19.0).
[Thu Mar 28 17:05:55 2013] [debug] Routing to controller "WISE::Static" and action "findings".
[Thu Mar 28 17:05:55 2013] [debug] Rendering template "static/findings.html.ep".
[Thu Mar 28 17:05:55 2013] [debug] Rendering template "partials/activities_head.html.ep".
[Thu Mar 28 17:05:55 2013] [debug] Rendering template "layouts/default.html.ep".
[Thu Mar 28 17:05:55 2013] [debug] 200 OK (0.017601s, 56.815/s).
